<?xml version="1.0" encoding="UTF-8"?>
<testsuite xmlns:xsi="http://www.w3.org/2001/XMLSchema-instance" xsi:noNamespaceSchemaLocation="https://maven.apache.org/surefire/maven-failsafe-plugin/xsd/failsafe-test-report.xsd" version="3.0.2" name="jp.co.itec.denwa.it.AuthApiIT" time="0.656" tests="4" errors="0" skipped="0" failures="0">
  <properties>
[...]
</properties>
  <testcase name="systemAdminLoginReturnsAccessTokenWhenIpIsWhitelisted" classname="jp.co.itec.denwa.it.AuthApiIT" time="0.185"/>
  <testcase name="multiRoleMasterSelectionReturnsAccessTokenWhenIpIsWhitelisted" classname="jp.co.itec.denwa.it.AuthApiIT" time="0.138"/>
  <testcase name="tenantRoleSelectionReturnsPreTokenAndStoresFixedOtp" classname="jp.co.itec.denwa.it.AuthApiIT" time="0.128">
    <system-out><![CDATA[2026-06-20T13:44:45.973+09:00  INFO 79530 --- [denwa-api] [o-auto-2-exec-9] j.c.itec.denwa.service.auth.AuthService  : Store-review account detected, issuing fixed 2FA OTP without email | username=tenant-admin@example.test
]]></system-out>
  </testcase>
  <testcase name="multiRoleLoginReturnsMasterAndTenantRoleChoices" classname="jp.co.itec.denwa.it.AuthApiIT" time="0.155"/>
</testsuite>