<?xml version="1.0" encoding="UTF-8"?>
<testsuite xmlns:xsi="http://www.w3.org/2001/XMLSchema-instance" xsi:noNamespaceSchemaLocation="https://maven.apache.org/surefire/maven-failsafe-plugin/xsd/failsafe-test-report.xsd" version="3.0.2" name="jp.co.itec.denwa.it.VoipWebApiRegressionIT" time="33.858" tests="104" errors="0" skipped="0" failures="0">
  <properties>
[...]
</properties>
  <testcase name="voipWebApiRegressionCases()[1]" classname="jp.co.itec.denwa.it.VoipWebApiRegressionIT" time="0.562">
    <system-out><![CDATA[
  .   ____          _            __ _ _
 /\\ / ___'_ __ _ _(_)_ __  __ _ \ \ \ \
( ( )\___ | '_ | '_| | '_ \/ _` | \ \ \ \
 \\/  ___)| |_)| | | | | || (_| |  ) ) ) )
  '  |____| .__|_| |_|_| |_\__, | / / / /
 =========|_|==============|___/=/_/_/_/

 :: Spring Boot ::                (v3.4.3)

2026-06-20T13:45:19.632+09:00  INFO 80653 --- [denwa-api] [           main] j.c.i.denwa.it.VoipWebApiRegressionIT    : Starting VoipWebApiRegressionIT using Java 25.0.1 with PID 80653 (started by vti-sam in /Users/vti-sam/pm-control/itec-denwa/sources/denwa-api)
2026-06-20T13:45:19.634+09:00  INFO 80653 --- [denwa-api] [           main] j.c.i.denwa.it.VoipWebApiRegressionIT    : The following 1 profile is active: "test"
2026-06-20T13:45:20.083+09:00  INFO 80653 --- [denwa-api] [           main] .s.d.r.c.RepositoryConfigurationDelegate : Multiple Spring Data modules found, entering strict repository configuration mode
2026-06-20T13:45:20.083+09:00  INFO 80653 --- [denwa-api] [           main] .s.d.r.c.RepositoryConfigurationDelegate : Bootstrapping Spring Data Redis repositories in DEFAULT mode.
2026-06-20T13:45:20.122+09:00  INFO 80653 --- [denwa-api] [           main] .s.d.r.c.RepositoryConfigurationDelegate : Finished Spring Data repository scanning in 34 ms. Found 0 Redis repository interfaces.
2026-06-20T13:45:20.348+09:00  INFO 80653 --- [denwa-api] [           main] o.s.b.w.embedded.tomcat.TomcatWebServer  : Tomcat initialized with port 0 (http)
2026-06-20T13:45:20.350+09:00  INFO 80653 --- [denwa-api] [           main] o.apache.catalina.core.StandardService   : Starting service [Tomcat]
2026-06-20T13:45:20.350+09:00  INFO 80653 --- [denwa-api] [           main] o.apache.catalina.core.StandardEngine    : Starting Servlet engine: [Apache Tomcat/10.1.36]
2026-06-20T13:45:20.378+09:00  INFO 80653 --- [denwa-api] [           main] o.a.c.c.C.[Tomcat-1].[localhost].[/]     : Initializing Spring embedded WebApplicationContext
2026-06-20T13:45:20.379+09:00  INFO 80653 --- [denwa-api] [           main] w.s.c.ServletWebServerApplicationContext : Root WebApplicationContext: initialization completed in 738 ms
Standard Commons Logging discovery in action with spring-jcl: please remove commons-logging.jar from classpath in order to avoid potential conflicts
2026-06-20T13:45:21.397+09:00  INFO 80653 --- [denwa-api] [           main] o.s.b.w.embedded.tomcat.TomcatWebServer  : Tomcat started on port 51676 (http) with context path '/'
2026-06-20T13:45:21.589+09:00  INFO 80653 --- [denwa-api] [           main] j.c.i.denwa.it.VoipWebApiRegressionIT    : Started VoipWebApiRegressionIT in 2.036 seconds (process running for 14.075)
2026-06-20T13:45:21.970+09:00  INFO 80653 --- [denwa-api] [o-auto-2-exec-1] o.a.c.c.C.[Tomcat-1].[localhost].[/]     : Initializing Spring DispatcherServlet 'dispatcherServlet'
2026-06-20T13:45:21.971+09:00  INFO 80653 --- [denwa-api] [o-auto-2-exec-1] o.s.web.servlet.DispatcherServlet        : Initializing Servlet 'dispatcherServlet'
2026-06-20T13:45:22.017+09:00  INFO 80653 --- [denwa-api] [o-auto-2-exec-1] o.s.web.servlet.DispatcherServlet        : Completed initialization in 46 ms
2026-06-20T13:45:22.054+09:00  INFO 80653 --- [denwa-api] [o-auto-2-exec-1] eAuthenticationProviderManagerConfigurer : Global AuthenticationManager configured with AuthenticationProvider bean with name customAuthenticationProvider
2026-06-20T13:45:22.055+09:00  WARN 80653 --- [denwa-api] [o-auto-2-exec-1] r$InitializeUserDetailsManagerConfigurer : Global AuthenticationManager configured with an AuthenticationProvider bean. UserDetailsService beans will not be used by Spring Security for automatically configuring username/password login. Consider removing the AuthenticationProvider bean. Alternatively, consider using the UserDetailsService in a manually instantiated DaoAuthenticationProvider. If the current configuration is intentional, to turn off this warning, increase the logging level of 'org.springframework.security.config.annotation.authentication.configuration.InitializeUserDetailsBeanManagerConfigurer' to ERROR
]]></system-out>
  </testcase>
  <testcase name="voipWebApiRegressionCases()[2]" classname="jp.co.itec.denwa.it.VoipWebApiRegressionIT" time="0.202"/>
  <testcase name="voipWebApiRegressionCases()[3]" classname="jp.co.itec.denwa.it.VoipWebApiRegressionIT" time="0.12"/>
  <testcase name="voipWebApiRegressionCases()[4]" classname="jp.co.itec.denwa.it.VoipWebApiRegressionIT" time="0.441"/>
  <testcase name="voipWebApiRegressionCases()[5]" classname="jp.co.itec.denwa.it.VoipWebApiRegressionIT" time="0.229"/>
  <testcase name="voipWebApiRegressionCases()[6]" classname="jp.co.itec.denwa.it.VoipWebApiRegressionIT" time="0.462">
    <system-out><![CDATA[2026-06-20T13:45:23.546+09:00  INFO 80653 --- [denwa-api] [o-auto-2-exec-6] j.c.i.denwa.service.email.EmailService   : Start sendMailTemplate to sysadmin@example.test
2026-06-20T13:45:23.794+09:00  INFO 80653 --- [denwa-api] [-notification-1] j.c.i.denwa.service.email.EmailService   : End sendMailTemplate to sysadmin@example.test
]]></system-out>
  </testcase>
  <testcase name="voipWebApiRegressionCases()[7]" classname="jp.co.itec.denwa.it.VoipWebApiRegressionIT" time="0.185"/>
  <testcase name="voipWebApiRegressionCases()[8]" classname="jp.co.itec.denwa.it.VoipWebApiRegressionIT" time="0.531">
    <system-out><![CDATA[2026-06-20T13:45:24.553+09:00  INFO 80653 --- [denwa-api] [o-auto-2-exec-6] j.c.i.denwa.service.email.EmailService   : Start sendMailTemplate to sysadmin@example.test
2026-06-20T13:45:24.582+09:00  INFO 80653 --- [denwa-api] [-notification-2] j.c.i.denwa.service.email.EmailService   : End sendMailTemplate to sysadmin@example.test
]]></system-out>
  </testcase>
  <testcase name="voipWebApiRegressionCases()[9]" classname="jp.co.itec.denwa.it.VoipWebApiRegressionIT" time="0.56"/>
  <testcase name="voipWebApiRegressionCases()[10]" classname="jp.co.itec.denwa.it.VoipWebApiRegressionIT" time="0.682">
    <system-out><![CDATA[2026-06-20T13:45:25.780+09:00  INFO 80653 --- [denwa-api] [-auto-2-exec-10] j.c.i.denwa.service.email.EmailService   : Start sendMailTemplate to mveadmin@example.test
2026-06-20T13:45:25.809+09:00  INFO 80653 --- [denwa-api] [-notification-1] j.c.i.denwa.service.email.EmailService   : End sendMailTemplate to mveadmin@example.test
]]></system-out>
  </testcase>
  <testcase name="voipWebApiRegressionCases()[11]" classname="jp.co.itec.denwa.it.VoipWebApiRegressionIT" time="0.35">
    <system-out><![CDATA[2026-06-20T13:45:26.173+09:00  INFO 80653 --- [denwa-api] [o-auto-2-exec-1] j.c.i.denwa.service.email.EmailService   : Start sendMailTemplate to mveadmin@example.test
2026-06-20T13:45:26.184+09:00  INFO 80653 --- [denwa-api] [-notification-2] j.c.i.denwa.service.email.EmailService   : End sendMailTemplate to mveadmin@example.test
]]></system-out>
  </testcase>
  <testcase name="voipWebApiRegressionCases()[12]" classname="jp.co.itec.denwa.it.VoipWebApiRegressionIT" time="0.183"/>
  <testcase name="voipWebApiRegressionCases()[13]" classname="jp.co.itec.denwa.it.VoipWebApiRegressionIT" time="0.184"/>
  <testcase name="voipWebApiRegressionCases()[14]" classname="jp.co.itec.denwa.it.VoipWebApiRegressionIT" time="0.239"/>
  <testcase name="voipWebApiRegressionCases()[15]" classname="jp.co.itec.denwa.it.VoipWebApiRegressionIT" time="0.235"/>
  <testcase name="voipWebApiRegressionCases()[16]" classname="jp.co.itec.denwa.it.VoipWebApiRegressionIT" time="0.214"/>
  <testcase name="voipWebApiRegressionCases()[17]" classname="jp.co.itec.denwa.it.VoipWebApiRegressionIT" time="0.246"/>
  <testcase name="voipWebApiRegressionCases()[18]" classname="jp.co.itec.denwa.it.VoipWebApiRegressionIT" time="0.659"/>
  <testcase name="voipWebApiRegressionCases()[19]" classname="jp.co.itec.denwa.it.VoipWebApiRegressionIT" time="0.394"/>
  <testcase name="voipWebApiRegressionCases()[20]" classname="jp.co.itec.denwa.it.VoipWebApiRegressionIT" time="0.218"/>
  <testcase name="voipWebApiRegressionCases()[21]" classname="jp.co.itec.denwa.it.VoipWebApiRegressionIT" time="0.214"/>
  <testcase name="voipWebApiRegressionCases()[22]" classname="jp.co.itec.denwa.it.VoipWebApiRegressionIT" time="0.207"/>
  <testcase name="voipWebApiRegressionCases()[23]" classname="jp.co.itec.denwa.it.VoipWebApiRegressionIT" time="0.185"/>
  <testcase name="voipWebApiRegressionCases()[24]" classname="jp.co.itec.denwa.it.VoipWebApiRegressionIT" time="0.478">
    <system-out><![CDATA[2026-06-20T13:45:29.790+09:00 ERROR 80653 --- [denwa-api] [o-auto-2-exec-9] o.a.c.c.C.[.[.[/].[dispatcherServlet]    : Servlet.service() for servlet [dispatcherServlet] in context with path [] threw exception [Request processing failed: org.springframework.jdbc.BadSqlGrammarException: 
### Error querying database.  Cause: org.postgresql.util.PSQLException: ERROR: relation "admin" does not exist
  Position: 969
### The error may exist in file [/Users/vti-sam/pm-control/itec-denwa/sources/denwa-api/target/classes/jp/co/itec/denwa/mapper/admin/AdminMapper.xml]
### The error may involve defaultParameterMap
### The error occurred while setting parameters
### SQL: SELECT                 admin_uuid AS adminUuid,                 admin_name AS adminName,                 admin_password AS adminPassword,                 admin_full_name AS adminFullName,                 admin_full_name_kana AS adminFullNameKana,                 role,                 last_login_time AS lastLoginTime,                 admin_tel AS adminTel,                 refresh_token AS refreshToken,                 refresh_token_expiry_time AS refreshTokenExpiryTime,                 login_failure_count AS loginFailureCount,                 reset_password_failure_count AS resetPasswordFailureCount,                 lock_reset_password_time AS lockResetPasswordTime,                 created_by AS createdBy,                 created_date AS createdDate,                 last_modified_by AS lastModifiedBy,                 last_modified_date AS lastModifiedDate,                 delete_flag AS deleteFlag,                 version_no AS versionNo             FROM admin             WHERE admin_name = ?         AND delete_flag = '0'
### Cause: org.postgresql.util.PSQLException: ERROR: relation "admin" does not exist
  Position: 969
; bad SQL grammar []] with root cause

org.postgresql.util.PSQLException: ERROR: relation "admin" does not exist
  Position: 969
	at org.postgresql.core.v3.QueryExecutorImpl.receiveErrorResponse(QueryExecutorImpl.java:2733) ~[postgresql-42.7.5.jar:42.7.5]
	at org.postgresql.core.v3.QueryExecutorImpl.processResults(QueryExecutorImpl.java:2420) ~[postgresql-42.7.5.jar:42.7.5]
	at org.postgresql.core.v3.QueryExecutorImpl.execute(QueryExecutorImpl.java:372) ~[postgresql-42.7.5.jar:42.7.5]
	at org.postgresql.jdbc.PgStatement.executeInternal(PgStatement.java:517) ~[postgresql-42.7.5.jar:42.7.5]
	at org.postgresql.jdbc.PgStatement.execute(PgStatement.java:434) ~[postgresql-42.7.5.jar:42.7.5]
	at org.postgresql.jdbc.PgPreparedStatement.executeWithFlags(PgPreparedStatement.java:194) ~[postgresql-42.7.5.jar:42.7.5]
	at org.postgresql.jdbc.PgPreparedStatement.execute(PgPreparedStatement.java:180) ~[postgresql-42.7.5.jar:42.7.5]
	at org.apache.ibatis.executor.statement.PreparedStatementHandler.query(PreparedStatementHandler.java:65) ~[mybatis-3.5.14.jar:3.5.14]
	at org.apache.ibatis.executor.statement.RoutingStatementHandler.query(RoutingStatementHandler.java:80) ~[mybatis-3.5.14.jar:3.5.14]
	at java.base/jdk.internal.reflect.DirectMethodHandleAccessor.invoke(DirectMethodHandleAccessor.java:104) ~[na:na]
	at java.base/java.lang.reflect.Method.invoke(Method.java:565) ~[na:na]
	at org.apache.ibatis.plugin.Plugin.invoke(Plugin.java:61) ~[mybatis-3.5.14.jar:3.5.14]
	at jdk.proxy2/jdk.proxy2.$Proxy226.query(Unknown Source) ~[na:na]
	at org.apache.ibatis.executor.SimpleExecutor.doQuery(SimpleExecutor.java:65) ~[mybatis-3.5.14.jar:3.5.14]
	at org.apache.ibatis.executor.BaseExecutor.queryFromDatabase(BaseExecutor.java:336) ~[mybatis-3.5.14.jar:3.5.14]
	at org.apache.ibatis.executor.BaseExecutor.query(BaseExecutor.java:158) ~[mybatis-3.5.14.jar:3.5.14]
	at org.apache.ibatis.executor.CachingExecutor.query(CachingExecutor.java:110) ~[mybatis-3.5.14.jar:3.5.14]
	at org.apache.ibatis.executor.CachingExecutor.query(CachingExecutor.java:90) ~[mybatis-3.5.14.jar:3.5.14]
	at org.apache.ibatis.session.defaults.DefaultSqlSession.selectList(DefaultSqlSession.java:154) ~[mybatis-3.5.14.jar:3.5.14]
	at org.apache.ibatis.session.defaults.DefaultSqlSession.selectList(DefaultSqlSession.java:147) ~[mybatis-3.5.14.jar:3.5.14]
	at org.apache.ibatis.session.defaults.DefaultSqlSession.selectList(DefaultSqlSession.java:142) ~[mybatis-3.5.14.jar:3.5.14]
	at org.apache.ibatis.session.defaults.DefaultSqlSession.selectOne(DefaultSqlSession.java:75) ~[mybatis-3.5.14.jar:3.5.14]
	at java.base/jdk.internal.reflect.DirectMethodHandleAccessor.invoke(DirectMethodHandleAccessor.java:104) ~[na:na]
	at java.base/java.lang.reflect.Method.invoke(Method.java:565) ~[na:na]
	at org.mybatis.spring.SqlSessionTemplate$SqlSessionInterceptor.invoke(SqlSessionTemplate.java:425) ~[mybatis-spring-3.0.3.jar:3.0.3]
	at jdk.proxy2/jdk.proxy2.$Proxy142.selectOne(Unknown Source) ~[na:na]
	at org.mybatis.spring.SqlSessionTemplate.selectOne(SqlSessionTemplate.java:160) ~[mybatis-spring-3.0.3.jar:3.0.3]
	at org.apache.ibatis.binding.MapperMethod.execute(MapperMethod.java:87) ~[mybatis-3.5.14.jar:3.5.14]
	at org.apache.ibatis.binding.MapperProxy$PlainMethodInvoker.invoke(MapperProxy.java:141) ~[mybatis-3.5.14.jar:3.5.14]
	at org.apache.ibatis.binding.MapperProxy.invoke(MapperProxy.java:86) ~[mybatis-3.5.14.jar:3.5.14]
	at jdk.proxy2/jdk.proxy2.$Proxy143.getAdminInfo(Unknown Source) ~[na:na]
	at jp.co.itec.denwa.service.admin.AdminService.getAdminInfo(AdminService.java:108) ~[classes/:na]
	at jp.co.itec.denwa.security.WebUserDetailsService.loadUserByUsername(WebUserDetailsService.java:38) ~[classes/:na]
	at jp.co.itec.denwa.security.CustomAuthenticationProvider.authenticate(CustomAuthenticationProvider.java:110) ~[classes/:na]
	at org.springframework.security.authentication.ProviderManager.authenticate(ProviderManager.java:182) ~[spring-security-core-6.4.3.jar:6.4.3]
	at jp.co.itec.denwa.service.auth.AuthService.tenantAdminLogin(AuthService.java:501) ~[classes/:na]
	at java.base/jdk.internal.reflect.DirectMethodHandleAccessor.invoke(DirectMethodHandleAccessor.java:104) ~[na:na]
	at java.base/java.lang.reflect.Method.invoke(Method.java:565) ~[na:na]
	at org.springframework.aop.support.AopUtils.invokeJoinpointUsingReflection(AopUtils.java:359) ~[spring-aop-6.2.3.jar:6.2.3]
	at org.springframework.aop.framework.CglibAopProxy$DynamicAdvisedInterceptor.intercept(CglibAopProxy.java:723) ~[spring-aop-6.2.3.jar:6.2.3]
	at jp.co.itec.denwa.service.auth.AuthService$$SpringCGLIB$$0.tenantAdminLogin(<generated>) ~[classes/:na]
	at jp.co.itec.denwa.controller.auth.AuthController.loginAdminWithRole(AuthController.java:149) ~[classes/:na]
	at java.base/jdk.internal.reflect.DirectMethodHandleAccessor.invoke(DirectMethodHandleAccessor.java:104) ~[na:na]
	at java.base/java.lang.reflect.Method.invoke(Method.java:565) ~[na:na]
	at org.springframework.web.method.support.InvocableHandlerMethod.doInvoke(InvocableHandlerMethod.java:257) ~[spring-web-6.2.3.jar:6.2.3]
	at org.springframework.web.method.support.InvocableHandlerMethod.invokeForRequest(InvocableHandlerMethod.java:190) ~[spring-web-6.2.3.jar:6.2.3]
	at org.springframework.web.servlet.mvc.method.annotation.ServletInvocableHandlerMethod.invokeAndHandle(ServletInvocableHandlerMethod.java:118) ~[spring-webmvc-6.2.3.jar:6.2.3]
	at org.springframework.web.servlet.mvc.method.annotation.RequestMappingHandlerAdapter.invokeHandlerMethod(RequestMappingHandlerAdapter.java:986) ~[spring-webmvc-6.2.3.jar:6.2.3]
	at org.springframework.web.servlet.mvc.method.annotation.RequestMappingHandlerAdapter.handleInternal(RequestMappingHandlerAdapter.java:891) ~[spring-webmvc-6.2.3.jar:6.2.3]
	at org.springframework.web.servlet.mvc.method.AbstractHandlerMethodAdapter.handle(AbstractHandlerMethodAdapter.java:87) ~[spring-webmvc-6.2.3.jar:6.2.3]
	at org.springframework.web.servlet.DispatcherServlet.doDispatch(DispatcherServlet.java:1088) ~[spring-webmvc-6.2.3.jar:6.2.3]
	at org.springframework.web.servlet.DispatcherServlet.doService(DispatcherServlet.java:978) ~[spring-webmvc-6.2.3.jar:6.2.3]
	at org.springframework.web.servlet.FrameworkServlet.processRequest(FrameworkServlet.java:1014) ~[spring-webmvc-6.2.3.jar:6.2.3]
	at org.springframework.web.servlet.FrameworkServlet.doPost(FrameworkServlet.java:914) ~[spring-webmvc-6.2.3.jar:6.2.3]
	at jakarta.servlet.http.HttpServlet.service(HttpServlet.java:590) ~[tomcat-embed-core-10.1.36.jar:6.0]
	at org.springframework.web.servlet.FrameworkServlet.service(FrameworkServlet.java:885) ~[spring-webmvc-6.2.3.jar:6.2.3]
	at jakarta.servlet.http.HttpServlet.service(HttpServlet.java:658) ~[tomcat-embed-core-10.1.36.jar:6.0]
	at org.apache.catalina.core.ApplicationFilterChain.internalDoFilter(ApplicationFilterChain.java:195) ~[tomcat-embed-core-10.1.36.jar:10.1.36]
	at org.apache.catalina.core.ApplicationFilterChain.doFilter(ApplicationFilterChain.java:140) ~[tomcat-embed-core-10.1.36.jar:10.1.36]
	at org.apache.tomcat.websocket.server.WsFilter.doFilter(WsFilter.java:51) ~[tomcat-embed-websocket-10.1.36.jar:10.1.36]
	at org.apache.catalina.core.ApplicationFilterChain.internalDoFilter(ApplicationFilterChain.java:164) ~[tomcat-embed-core-10.1.36.jar:10.1.36]
	at org.apache.catalina.core.ApplicationFilterChain.doFilter(ApplicationFilterChain.java:140) ~[tomcat-embed-core-10.1.36.jar:10.1.36]
	at org.springframework.web.filter.OncePerRequestFilter.doFilter(OncePerRequestFilter.java:110) ~[spring-web-6.2.3.jar:6.2.3]
	at org.apache.catalina.core.ApplicationFilterChain.internalDoFilter(ApplicationFilterChain.java:164) ~[tomcat-embed-core-10.1.36.jar:10.1.36]
	at org.apache.catalina.core.ApplicationFilterChain.doFilter(ApplicationFilterChain.java:140) ~[tomcat-embed-core-10.1.36.jar:10.1.36]
	at jp.co.itec.denwa.security.LoginRateLimitFilter.doFilterInternal(LoginRateLimitFilter.java:67) ~[classes/:na]
	at org.springframework.web.filter.OncePerRequestFilter.doFilter(OncePerRequestFilter.java:116) ~[spring-web-6.2.3.jar:6.2.3]
	at org.apache.catalina.core.ApplicationFilterChain.internalDoFilter(ApplicationFilterChain.java:164) ~[tomcat-embed-core-10.1.36.jar:10.1.36]
	at org.apache.catalina.core.ApplicationFilterChain.doFilter(ApplicationFilterChain.java:140) ~[tomcat-embed-core-10.1.36.jar:10.1.36]
	at org.springframework.web.servlet.resource.ResourceUrlEncodingFilter.doFilter(ResourceUrlEncodingFilter.java:66) ~[spring-webmvc-6.2.3.jar:6.2.3]
	at org.apache.catalina.core.ApplicationFilterChain.internalDoFilter(ApplicationFilterChain.java:164) ~[tomcat-embed-core-10.1.36.jar:10.1.36]
	at org.apache.catalina.core.ApplicationFilterChain.doFilter(ApplicationFilterChain.java:140) ~[tomcat-embed-core-10.1.36.jar:10.1.36]
	at org.springframework.web.filter.CompositeFilter$VirtualFilterChain.doFilter(CompositeFilter.java:108) ~[spring-web-6.2.3.jar:6.2.3]
	at org.springframework.security.web.FilterChainProxy.lambda$doFilterInternal$3(FilterChainProxy.java:231) ~[spring-security-web-6.4.3.jar:6.4.3]
	at org.springframework.security.web.FilterChainProxy$VirtualFilterChain.doFilter(FilterChainProxy.java:365) ~[spring-security-web-6.4.3.jar:6.4.3]
	at org.springframework.security.web.access.intercept.AuthorizationFilter.doFilter(AuthorizationFilter.java:101) ~[spring-security-web-6.4.3.jar:6.4.3]
	at org.springframework.security.web.FilterChainProxy$VirtualFilterChain.doFilter(FilterChainProxy.java:374) ~[spring-security-web-6.4.3.jar:6.4.3]
	at org.springframework.security.web.access.ExceptionTranslationFilter.doFilter(ExceptionTranslationFilter.java:126) ~[spring-security-web-6.4.3.jar:6.4.3]
	at org.springframework.security.web.access.ExceptionTranslationFilter.doFilter(ExceptionTranslationFilter.java:120) ~[spring-security-web-6.4.3.jar:6.4.3]
	at org.springframework.security.web.FilterChainProxy$VirtualFilterChain.doFilter(FilterChainProxy.java:374) ~[spring-security-web-6.4.3.jar:6.4.3]
	at org.springframework.security.web.session.SessionManagementFilter.doFilter(SessionManagementFilter.java:131) ~[spring-security-web-6.4.3.jar:6.4.3]
	at org.springframework.security.web.session.SessionManagementFilter.doFilter(SessionManagementFilter.java:85) ~[spring-security-web-6.4.3.jar:6.4.3]
	at org.springframework.security.web.FilterChainProxy$VirtualFilterChain.doFilter(FilterChainProxy.java:374) ~[spring-security-web-6.4.3.jar:6.4.3]
	at org.springframework.security.web.authentication.AnonymousAuthenticationFilter.doFilter(AnonymousAuthenticationFilter.java:100) ~[spring-security-web-6.4.3.jar:6.4.3]
	at org.springframework.security.web.FilterChainProxy$VirtualFilterChain.doFilter(FilterChainProxy.java:374) ~[spring-security-web-6.4.3.jar:6.4.3]
	at org.springframework.security.web.servletapi.SecurityContextHolderAwareRequestFilter.doFilter(SecurityContextHolderAwareRequestFilter.java:179) ~[spring-security-web-6.4.3.jar:6.4.3]
	at org.springframework.security.web.FilterChainProxy$VirtualFilterChain.doFilter(FilterChainProxy.java:374) ~[spring-security-web-6.4.3.jar:6.4.3]
	at org.springframework.security.web.savedrequest.RequestCacheAwareFilter.doFilter(RequestCacheAwareFilter.java:63) ~[spring-security-web-6.4.3.jar:6.4.3]
	at org.springframework.security.web.FilterChainProxy$VirtualFilterChain.doFilter(FilterChainProxy.java:374) ~[spring-security-web-6.4.3.jar:6.4.3]
	at jp.co.itec.denwa.security.jwt.JwtFilter.doFilterInternal(JwtFilter.java:197) ~[classes/:na]
	at org.springframework.web.filter.OncePerRequestFilter.doFilter(OncePerRequestFilter.java:116) ~[spring-web-6.2.3.jar:6.2.3]
	at org.springframework.security.web.FilterChainProxy$VirtualFilterChain.doFilter(FilterChainProxy.java:374) ~[spring-security-web-6.4.3.jar:6.4.3]
	at org.springframework.security.web.authentication.logout.LogoutFilter.doFilter(LogoutFilter.java:107) ~[spring-security-web-6.4.3.jar:6.4.3]
	at org.springframework.security.web.authentication.logout.LogoutFilter.doFilter(LogoutFilter.java:93) ~[spring-security-web-6.4.3.jar:6.4.3]
	at org.springframework.security.web.FilterChainProxy$VirtualFilterChain.doFilter(FilterChainProxy.java:374) ~[spring-security-web-6.4.3.jar:6.4.3]
	at org.springframework.web.filter.CorsFilter.doFilterInternal(CorsFilter.java:91) ~[spring-web-6.2.3.jar:6.2.3]
	at org.springframework.web.filter.OncePerRequestFilter.doFilter(OncePerRequestFilter.java:116) ~[spring-web-6.2.3.jar:6.2.3]
	at org.springframework.security.web.FilterChainProxy$VirtualFilterChain.doFilter(FilterChainProxy.java:374) ~[spring-security-web-6.4.3.jar:6.4.3]
	at org.springframework.security.web.header.HeaderWriterFilter.doHeadersAfter(HeaderWriterFilter.java:90) ~[spring-security-web-6.4.3.jar:6.4.3]
	at org.springframework.security.web.header.HeaderWriterFilter.doFilterInternal(HeaderWriterFilter.java:75) ~[spring-security-web-6.4.3.jar:6.4.3]
	at org.springframework.web.filter.OncePerRequestFilter.doFilter(OncePerRequestFilter.java:116) ~[spring-web-6.2.3.jar:6.2.3]
	at org.springframework.security.web.FilterChainProxy$VirtualFilterChain.doFilter(FilterChainProxy.java:374) ~[spring-security-web-6.4.3.jar:6.4.3]
	at org.springframework.security.web.context.SecurityContextHolderFilter.doFilter(SecurityContextHolderFilter.java:82) ~[spring-security-web-6.4.3.jar:6.4.3]
	at org.springframework.security.web.context.SecurityContextHolderFilter.doFilter(SecurityContextHolderFilter.java:69) ~[spring-security-web-6.4.3.jar:6.4.3]
	at org.springframework.security.web.FilterChainProxy$VirtualFilterChain.doFilter(FilterChainProxy.java:374) ~[spring-security-web-6.4.3.jar:6.4.3]
	at org.springframework.security.web.context.request.async.WebAsyncManagerIntegrationFilter.doFilterInternal(WebAsyncManagerIntegrationFilter.java:62) ~[spring-security-web-6.4.3.jar:6.4.3]
	at org.springframework.web.filter.OncePerRequestFilter.doFilter(OncePerRequestFilter.java:116) ~[spring-web-6.2.3.jar:6.2.3]
	at org.springframework.security.web.FilterChainProxy$VirtualFilterChain.doFilter(FilterChainProxy.java:374) ~[spring-security-web-6.4.3.jar:6.4.3]
	at org.springframework.security.web.session.DisableEncodeUrlFilter.doFilterInternal(DisableEncodeUrlFilter.java:42) ~[spring-security-web-6.4.3.jar:6.4.3]
	at org.springframework.web.filter.OncePerRequestFilter.doFilter(OncePerRequestFilter.java:116) ~[spring-web-6.2.3.jar:6.2.3]
	at org.springframework.security.web.FilterChainProxy$VirtualFilterChain.doFilter(FilterChainProxy.java:374) ~[spring-security-web-6.4.3.jar:6.4.3]
	at org.springframework.security.web.FilterChainProxy.doFilterInternal(FilterChainProxy.java:233) ~[spring-security-web-6.4.3.jar:6.4.3]
	at org.springframework.security.web.FilterChainProxy.doFilter(FilterChainProxy.java:191) ~[spring-security-web-6.4.3.jar:6.4.3]
	at org.springframework.web.filter.CompositeFilter$VirtualFilterChain.doFilter(CompositeFilter.java:113) ~[spring-web-6.2.3.jar:6.2.3]
	at org.springframework.web.servlet.handler.HandlerMappingIntrospector.lambda$createCacheFilter$3(HandlerMappingIntrospector.java:243) ~[spring-webmvc-6.2.3.jar:6.2.3]
	at org.springframework.web.filter.CompositeFilter$VirtualFilterChain.doFilter(CompositeFilter.java:113) ~[spring-web-6.2.3.jar:6.2.3]
	at org.springframework.web.filter.CompositeFilter.doFilter(CompositeFilter.java:74) ~[spring-web-6.2.3.jar:6.2.3]
	at org.springframework.security.config.annotation.web.configuration.WebMvcSecurityConfiguration$CompositeFilterChainProxy.doFilter(WebMvcSecurityConfiguration.java:238) ~[spring-security-config-6.4.3.jar:6.4.3]
	at org.springframework.web.filter.DelegatingFilterProxy.invokeDelegate(DelegatingFilterProxy.java:362) ~[spring-web-6.2.3.jar:6.2.3]
	at org.springframework.web.filter.DelegatingFilterProxy.doFilter(DelegatingFilterProxy.java:278) ~[spring-web-6.2.3.jar:6.2.3]
	at org.apache.catalina.core.ApplicationFilterChain.internalDoFilter(ApplicationFilterChain.java:164) ~[tomcat-embed-core-10.1.36.jar:10.1.36]
	at org.apache.catalina.core.ApplicationFilterChain.doFilter(ApplicationFilterChain.java:140) ~[tomcat-embed-core-10.1.36.jar:10.1.36]
	at org.springframework.web.filter.CorsFilter.doFilterInternal(CorsFilter.java:91) ~[spring-web-6.2.3.jar:6.2.3]
	at org.springframework.web.filter.OncePerRequestFilter.doFilter(OncePerRequestFilter.java:116) ~[spring-web-6.2.3.jar:6.2.3]
	at org.apache.catalina.core.ApplicationFilterChain.internalDoFilter(ApplicationFilterChain.java:164) ~[tomcat-embed-core-10.1.36.jar:10.1.36]
	at org.apache.catalina.core.ApplicationFilterChain.doFilter(ApplicationFilterChain.java:140) ~[tomcat-embed-core-10.1.36.jar:10.1.36]
	at org.springframework.web.filter.RequestContextFilter.doFilterInternal(RequestContextFilter.java:100) ~[spring-web-6.2.3.jar:6.2.3]
	at org.springframework.web.filter.OncePerRequestFilter.doFilter(OncePerRequestFilter.java:116) ~[spring-web-6.2.3.jar:6.2.3]
	at org.apache.catalina.core.ApplicationFilterChain.internalDoFilter(ApplicationFilterChain.java:164) ~[tomcat-embed-core-10.1.36.jar:10.1.36]
	at org.apache.catalina.core.ApplicationFilterChain.doFilter(ApplicationFilterChain.java:140) ~[tomcat-embed-core-10.1.36.jar:10.1.36]
	at org.springframework.web.filter.FormContentFilter.doFilterInternal(FormContentFilter.java:93) ~[spring-web-6.2.3.jar:6.2.3]
	at org.springframework.web.filter.OncePerRequestFilter.doFilter(OncePerRequestFilter.java:116) ~[spring-web-6.2.3.jar:6.2.3]
	at org.apache.catalina.core.ApplicationFilterChain.internalDoFilter(ApplicationFilterChain.java:164) ~[tomcat-embed-core-10.1.36.jar:10.1.36]
	at org.apache.catalina.core.ApplicationFilterChain.doFilter(ApplicationFilterChain.java:140) ~[tomcat-embed-core-10.1.36.jar:10.1.36]
	at org.springframework.web.filter.CharacterEncodingFilter.doFilterInternal(CharacterEncodingFilter.java:201) ~[spring-web-6.2.3.jar:6.2.3]
	at org.springframework.web.filter.OncePerRequestFilter.doFilter(OncePerRequestFilter.java:116) ~[spring-web-6.2.3.jar:6.2.3]
	at org.apache.catalina.core.ApplicationFilterChain.internalDoFilter(ApplicationFilterChain.java:164) ~[tomcat-embed-core-10.1.36.jar:10.1.36]
	at org.apache.catalina.core.ApplicationFilterChain.doFilter(ApplicationFilterChain.java:140) ~[tomcat-embed-core-10.1.36.jar:10.1.36]
	at org.apache.catalina.core.StandardWrapperValve.invoke(StandardWrapperValve.java:167) ~[tomcat-embed-core-10.1.36.jar:10.1.36]
	at org.apache.catalina.core.StandardContextValve.invoke(StandardContextValve.java:90) ~[tomcat-embed-core-10.1.36.jar:10.1.36]
	at org.apache.catalina.authenticator.AuthenticatorBase.invoke(AuthenticatorBase.java:483) ~[tomcat-embed-core-10.1.36.jar:10.1.36]
	at org.apache.catalina.core.StandardHostValve.invoke(StandardHostValve.java:115) ~[tomcat-embed-core-10.1.36.jar:10.1.36]
	at org.apache.catalina.valves.ErrorReportValve.invoke(ErrorReportValve.java:93) ~[tomcat-embed-core-10.1.36.jar:10.1.36]
	at org.apache.catalina.core.StandardEngineValve.invoke(StandardEngineValve.java:74) ~[tomcat-embed-core-10.1.36.jar:10.1.36]
	at org.apache.catalina.connector.CoyoteAdapter.service(CoyoteAdapter.java:344) ~[tomcat-embed-core-10.1.36.jar:10.1.36]
	at org.apache.coyote.http11.Http11Processor.service(Http11Processor.java:397) ~[tomcat-embed-core-10.1.36.jar:10.1.36]
	at org.apache.coyote.AbstractProcessorLight.process(AbstractProcessorLight.java:63) ~[tomcat-embed-core-10.1.36.jar:10.1.36]
	at org.apache.coyote.AbstractProtocol$ConnectionHandler.process(AbstractProtocol.java:905) ~[tomcat-embed-core-10.1.36.jar:10.1.36]
	at org.apache.tomcat.util.net.NioEndpoint$SocketProcessor.doRun(NioEndpoint.java:1743) ~[tomcat-embed-core-10.1.36.jar:10.1.36]
	at org.apache.tomcat.util.net.SocketProcessorBase.run(SocketProcessorBase.java:52) ~[tomcat-embed-core-10.1.36.jar:10.1.36]
	at org.apache.tomcat.util.threads.ThreadPoolExecutor.runWorker(ThreadPoolExecutor.java:1190) ~[tomcat-embed-core-10.1.36.jar:10.1.36]
	at org.apache.tomcat.util.threads.ThreadPoolExecutor$Worker.run(ThreadPoolExecutor.java:659) ~[tomcat-embed-core-10.1.36.jar:10.1.36]
	at org.apache.tomcat.util.threads.TaskThread$WrappingRunnable.run(TaskThread.java:63) ~[tomcat-embed-core-10.1.36.jar:10.1.36]
	at java.base/java.lang.Thread.run(Thread.java:1474) ~[na:na]

2026-06-20T13:45:29.852+09:00 ERROR 80653 --- [denwa-api] [o-auto-2-exec-9] j.c.i.d.s.RestAuthenticationEntryPoint   : Full authentication is required to access this resource
]]></system-out>
  </testcase>
  <testcase name="voipWebApiRegressionCases()[25]" classname="jp.co.itec.denwa.it.VoipWebApiRegressionIT" time="0.335">
    <system-out><![CDATA[2026-06-20T13:45:30.134+09:00  INFO 80653 --- [denwa-api] [o-auto-2-exec-6] j.c.i.denwa.service.email.EmailService   : Start sendMailTemplate to tenant-admin@example.test
2026-06-20T13:45:30.160+09:00  INFO 80653 --- [denwa-api] [-notification-1] j.c.i.denwa.service.email.EmailService   : End sendMailTemplate to tenant-admin@example.test
]]></system-out>
  </testcase>
  <testcase name="voipWebApiRegressionCases()[26]" classname="jp.co.itec.denwa.it.VoipWebApiRegressionIT" time="0.464">
    <system-out><![CDATA[2026-06-20T13:45:30.475+09:00  INFO 80653 --- [denwa-api] [o-auto-2-exec-2] j.c.i.denwa.service.email.EmailService   : Start sendMailTemplate to tenant-admin@example.test
2026-06-20T13:45:30.481+09:00  INFO 80653 --- [denwa-api] [-notification-2] j.c.i.denwa.service.email.EmailService   : End sendMailTemplate to tenant-admin@example.test
]]></system-out>
  </testcase>
  <testcase name="voipWebApiRegressionCases()[27]" classname="jp.co.itec.denwa.it.VoipWebApiRegressionIT" time="0.247"/>
  <testcase name="voipWebApiRegressionCases()[28]" classname="jp.co.itec.denwa.it.VoipWebApiRegressionIT" time="0.207"/>
  <testcase name="voipWebApiRegressionCases()[29]" classname="jp.co.itec.denwa.it.VoipWebApiRegressionIT" time="0.173"/>
  <testcase name="voipWebApiRegressionCases()[30]" classname="jp.co.itec.denwa.it.VoipWebApiRegressionIT" time="0.165"/>
  <testcase name="voipWebApiRegressionCases()[31]" classname="jp.co.itec.denwa.it.VoipWebApiRegressionIT" time="0.167"/>
  <testcase name="voipWebApiRegressionCases()[32]" classname="jp.co.itec.denwa.it.VoipWebApiRegressionIT" time="0.15"/>
  <testcase name="voipWebApiRegressionCases()[33]" classname="jp.co.itec.denwa.it.VoipWebApiRegressionIT" time="0.396"/>
  <testcase name="voipWebApiRegressionCases()[34]" classname="jp.co.itec.denwa.it.VoipWebApiRegressionIT" time="0.776">
    <system-out><![CDATA[2026-06-20T13:45:32.176+09:00 ERROR 80653 --- [denwa-api] [pool-6-thread-1] j.co.itec.denwa.util.common.INIHandler   : THIS IS LOG CALL MVE in createTempIniFile...1781930732176
]]></system-out>
  </testcase>
  <testcase name="voipWebApiRegressionCases()[35]" classname="jp.co.itec.denwa.it.VoipWebApiRegressionIT" time="0.183"/>
  <testcase name="voipWebApiRegressionCases()[36]" classname="jp.co.itec.denwa.it.VoipWebApiRegressionIT" time="0.186"/>
  <testcase name="voipWebApiRegressionCases()[37]" classname="jp.co.itec.denwa.it.VoipWebApiRegressionIT" time="0.181"/>
  <testcase name="voipWebApiRegressionCases()[38]" classname="jp.co.itec.denwa.it.VoipWebApiRegressionIT" time="0.189"/>
  <testcase name="voipWebApiRegressionCases()[39]" classname="jp.co.itec.denwa.it.VoipWebApiRegressionIT" time="0.216"/>
  <testcase name="voipWebApiRegressionCases()[40]" classname="jp.co.itec.denwa.it.VoipWebApiRegressionIT" time="1.74">
    <system-out><![CDATA[2026-06-20T13:45:33.911+09:00 ERROR 80653 --- [denwa-api] [pool-6-thread-1] j.co.itec.denwa.util.common.INIHandler   : THIS IS LOG CALL MVE in createTempIniFile...1781930733911
]]></system-out>
  </testcase>
  <testcase name="voipWebApiRegressionCases()[41]" classname="jp.co.itec.denwa.it.VoipWebApiRegressionIT" time="0.505"/>
  <testcase name="voipWebApiRegressionCases()[42]" classname="jp.co.itec.denwa.it.VoipWebApiRegressionIT" time="0.19"/>
  <testcase name="voipWebApiRegressionCases()[43]" classname="jp.co.itec.denwa.it.VoipWebApiRegressionIT" time="0.262">
    <system-out><![CDATA[2026-06-20T13:45:36.534+09:00  INFO 80653 --- [denwa-api] [-auto-2-exec-10] j.c.itec.denwa.service.auth.AuthService  : Store-review account detected, issuing fixed 2FA OTP without email | username=tenant-admin@example.test
]]></system-out>
  </testcase>
  <testcase name="voipWebApiRegressionCases()[44]" classname="jp.co.itec.denwa.it.VoipWebApiRegressionIT" time="0.186">
    <system-out><![CDATA[2026-06-20T13:45:36.788+09:00  INFO 80653 --- [denwa-api] [o-auto-2-exec-1] j.c.itec.denwa.service.auth.AuthService  : Store-review account detected, issuing fixed 2FA OTP without email | username=tenant-admin@example.test
2026-06-20T13:45:36.807+09:00  INFO 80653 --- [denwa-api] [o-auto-2-exec-2] j.c.itec.denwa.service.auth.AuthService  : Store-review account detected, issuing fixed 2FA OTP without email | username=tenant-admin@example.test
]]></system-out>
  </testcase>
  <testcase name="voipWebApiRegressionCases()[45]" classname="jp.co.itec.denwa.it.VoipWebApiRegressionIT" time="0.384">
    <system-out><![CDATA[2026-06-20T13:45:36.959+09:00  INFO 80653 --- [denwa-api] [o-auto-2-exec-3] j.c.itec.denwa.service.auth.AuthService  : Store-review account detected, issuing fixed 2FA OTP without email | username=tenant-admin@example.test
2026-06-20T13:45:37.192+09:00  INFO 80653 --- [denwa-api] [o-auto-2-exec-7] j.c.itec.denwa.service.auth.AuthService  : Store-review account detected, issuing fixed 2FA OTP without email | username=tenant-admin@example.test
]]></system-out>
  </testcase>
  <testcase name="voipWebApiRegressionCases()[46]" classname="jp.co.itec.denwa.it.VoipWebApiRegressionIT" time="0.204">
    <system-out><![CDATA[2026-06-20T13:45:37.368+09:00  INFO 80653 --- [denwa-api] [o-auto-2-exec-8] j.c.itec.denwa.service.auth.AuthService  : Store-review account detected, issuing fixed 2FA OTP without email | username=tenant-admin@example.test
]]></system-out>
  </testcase>
  <testcase name="voipWebApiRegressionCases()[47]" classname="jp.co.itec.denwa.it.VoipWebApiRegressionIT" time="0.303">
    <system-out><![CDATA[2026-06-20T13:45:37.481+09:00  INFO 80653 --- [denwa-api] [o-auto-2-exec-1] j.c.i.denwa.service.email.EmailService   : Start sendMailTemplate to tenant-admin@example.test
2026-06-20T13:45:37.502+09:00  INFO 80653 --- [denwa-api] [-notification-1] j.c.i.denwa.service.email.EmailService   : End sendMailTemplate to tenant-admin@example.test
2026-06-20T13:45:37.699+09:00  INFO 80653 --- [denwa-api] [o-auto-2-exec-3] j.c.itec.denwa.service.auth.AuthService  : Store-review account detected, issuing fixed 2FA OTP without email | username=tenant-admin@example.test
]]></system-out>
  </testcase>
  <testcase name="voipWebApiRegressionCases()[48]" classname="jp.co.itec.denwa.it.VoipWebApiRegressionIT" time="0.536"/>
  <testcase name="voipWebApiRegressionCases()[49]" classname="jp.co.itec.denwa.it.VoipWebApiRegressionIT" time="0.231">
    <system-out><![CDATA[2026-06-20T13:45:38.417+09:00  INFO 80653 --- [denwa-api] [o-auto-2-exec-6] j.c.itec.denwa.service.auth.AuthService  : Store-review account detected, issuing fixed 2FA OTP without email | username=tenant-admin@example.test
]]></system-out>
  </testcase>
  <testcase name="voipWebApiRegressionCases()[50]" classname="jp.co.itec.denwa.it.VoipWebApiRegressionIT" time="0.306">
    <system-out><![CDATA[2026-06-20T13:45:38.618+09:00  INFO 80653 --- [denwa-api] [o-auto-2-exec-7] j.c.itec.denwa.service.auth.AuthService  : Store-review account detected, issuing fixed 2FA OTP without email | username=tenant-admin@example.test
]]></system-out>
  </testcase>
  <testcase name="voipWebApiRegressionCases()[51]" classname="jp.co.itec.denwa.it.VoipWebApiRegressionIT" time="0.247">
    <system-out><![CDATA[2026-06-20T13:45:38.956+09:00  INFO 80653 --- [denwa-api] [-auto-2-exec-10] j.c.itec.denwa.service.auth.AuthService  : Store-review account detected, issuing fixed 2FA OTP without email | username=tenant-admin@example.test
]]></system-out>
  </testcase>
  <testcase name="voipWebApiRegressionCases()[52]" classname="jp.co.itec.denwa.it.VoipWebApiRegressionIT" time="0.197">
    <system-out><![CDATA[2026-06-20T13:45:39.176+09:00  INFO 80653 --- [denwa-api] [o-auto-2-exec-2] j.c.itec.denwa.service.auth.AuthService  : Store-review account detected, issuing fixed 2FA OTP without email | username=tenant-admin@example.test
]]></system-out>
  </testcase>
  <testcase name="voipWebApiRegressionCases()[53]" classname="jp.co.itec.denwa.it.VoipWebApiRegressionIT" time="0.183">
    <system-out><![CDATA[2026-06-20T13:45:39.375+09:00  INFO 80653 --- [denwa-api] [o-auto-2-exec-5] j.c.itec.denwa.service.auth.AuthService  : Store-review account detected, issuing fixed 2FA OTP without email | username=tenant-admin@example.test
]]></system-out>
  </testcase>
  <testcase name="voipWebApiRegressionCases()[54]" classname="jp.co.itec.denwa.it.VoipWebApiRegressionIT" time="0.279">
    <system-out><![CDATA[2026-06-20T13:45:39.544+09:00  INFO 80653 --- [denwa-api] [o-auto-2-exec-9] j.c.itec.denwa.service.auth.AuthService  : Store-review account detected, issuing fixed 2FA OTP without email | username=tenant-admin@example.test
]]></system-out>
  </testcase>
  <testcase name="voipWebApiRegressionCases()[55]" classname="jp.co.itec.denwa.it.VoipWebApiRegressionIT" time="0.795">
    <system-out><![CDATA[2026-06-20T13:45:39.700+09:00 ERROR 80653 --- [denwa-api] [pool-6-thread-1] j.co.itec.denwa.util.common.INIHandler   : THIS IS LOG CALL MVE in createTempIniFile...1781930739700
2026-06-20T13:45:40.419+09:00  INFO 80653 --- [denwa-api] [o-auto-2-exec-1] j.c.itec.denwa.service.auth.AuthService  : Store-review account detected, issuing fixed 2FA OTP without email | username=tenant-admin@example.test
]]></system-out>
  </testcase>
  <testcase name="voipWebApiRegressionCases()[56]" classname="jp.co.itec.denwa.it.VoipWebApiRegressionIT" time="0.206">
    <system-out><![CDATA[2026-06-20T13:45:40.654+09:00  INFO 80653 --- [denwa-api] [o-auto-2-exec-4] j.c.itec.denwa.service.auth.AuthService  : Store-review account detected, issuing fixed 2FA OTP without email | username=tenant-admin@example.test
]]></system-out>
  </testcase>
  <testcase name="voipWebApiRegressionCases()[57]" classname="jp.co.itec.denwa.it.VoipWebApiRegressionIT" time="0.195">
    <system-out><![CDATA[2026-06-20T13:45:40.841+09:00  INFO 80653 --- [denwa-api] [o-auto-2-exec-8] j.c.itec.denwa.service.auth.AuthService  : Store-review account detected, issuing fixed 2FA OTP without email | username=tenant-admin@example.test
]]></system-out>
  </testcase>
  <testcase name="voipWebApiRegressionCases()[58]" classname="jp.co.itec.denwa.it.VoipWebApiRegressionIT" time="0.17">
    <system-out><![CDATA[2026-06-20T13:45:41.029+09:00  INFO 80653 --- [denwa-api] [o-auto-2-exec-6] j.c.itec.denwa.service.auth.AuthService  : Store-review account detected, issuing fixed 2FA OTP without email | username=tenant-admin@example.test
]]></system-out>
  </testcase>
  <testcase name="voipWebApiRegressionCases()[59]" classname="jp.co.itec.denwa.it.VoipWebApiRegressionIT" time="0.179">
    <system-out><![CDATA[2026-06-20T13:45:41.189+09:00  INFO 80653 --- [denwa-api] [o-auto-2-exec-3] j.c.itec.denwa.service.auth.AuthService  : Store-review account detected, issuing fixed 2FA OTP without email | username=tenant-admin@example.test
]]></system-out>
  </testcase>
  <testcase name="voipWebApiRegressionCases()[60]" classname="jp.co.itec.denwa.it.VoipWebApiRegressionIT" time="0.153">
    <system-out><![CDATA[2026-06-20T13:45:41.369+09:00  INFO 80653 --- [denwa-api] [o-auto-2-exec-7] j.c.itec.denwa.service.auth.AuthService  : Store-review account detected, issuing fixed 2FA OTP without email | username=tenant-admin@example.test
]]></system-out>
  </testcase>
  <testcase name="voipWebApiRegressionCases()[61]" classname="jp.co.itec.denwa.it.VoipWebApiRegressionIT" time="0.175">
    <system-out><![CDATA[2026-06-20T13:45:41.513+09:00  INFO 80653 --- [denwa-api] [-auto-2-exec-10] j.c.itec.denwa.service.auth.AuthService  : Store-review account detected, issuing fixed 2FA OTP without email | username=tenant-admin@example.test
]]></system-out>
  </testcase>
  <testcase name="voipWebApiRegressionCases()[62]" classname="jp.co.itec.denwa.it.VoipWebApiRegressionIT" time="0.336">
    <system-out><![CDATA[2026-06-20T13:45:41.708+09:00  INFO 80653 --- [denwa-api] [o-auto-2-exec-2] j.c.itec.denwa.service.auth.AuthService  : Store-review account detected, issuing fixed 2FA OTP without email | username=tenant-admin@example.test
2026-06-20T13:45:41.823+09:00  INFO 80653 --- [denwa-api] [o-auto-2-exec-4] j.c.i.denwa.service.email.EmailService   : Start sendMailTemplate to registered-user@example.test
2026-06-20T13:45:41.860+09:00  INFO 80653 --- [denwa-api] [-notification-2] j.c.i.denwa.service.email.EmailService   : End sendMailTemplate to registered-user@example.test
]]></system-out>
  </testcase>
  <testcase name="voipWebApiRegressionCases()[63]" classname="jp.co.itec.denwa.it.VoipWebApiRegressionIT" time="0.287">
    <system-out><![CDATA[2026-06-20T13:45:42.074+09:00  INFO 80653 --- [denwa-api] [o-auto-2-exec-5] j.c.itec.denwa.service.auth.AuthService  : Store-review account detected, issuing fixed 2FA OTP without email | username=tenant-admin@example.test
2026-06-20T13:45:42.188+09:00  INFO 80653 --- [denwa-api] [o-auto-2-exec-8] j.c.i.denwa.service.email.EmailService   : Start sendMailTemplate to waiting-user@example.test
2026-06-20T13:45:42.193+09:00  INFO 80653 --- [denwa-api] [-notification-1] j.c.i.denwa.service.email.EmailService   : End sendMailTemplate to waiting-user@example.test
]]></system-out>
  </testcase>
  <testcase name="voipWebApiRegressionCases()[64]" classname="jp.co.itec.denwa.it.VoipWebApiRegressionIT" time="0.235">
    <system-out><![CDATA[2026-06-20T13:45:42.364+09:00  INFO 80653 --- [denwa-api] [o-auto-2-exec-9] j.c.itec.denwa.service.auth.AuthService  : Store-review account detected, issuing fixed 2FA OTP without email | username=tenant-admin@example.test
]]></system-out>
  </testcase>
  <testcase name="voipWebApiRegressionCases()[65]" classname="jp.co.itec.denwa.it.VoipWebApiRegressionIT" time="0.247">
    <system-out><![CDATA[2026-06-20T13:45:42.655+09:00  INFO 80653 --- [denwa-api] [o-auto-2-exec-1] j.c.itec.denwa.service.auth.AuthService  : Store-review account detected, issuing fixed 2FA OTP without email | username=tenant-admin@example.test
]]></system-out>
  </testcase>
  <testcase name="voipWebApiRegressionCases()[66]" classname="jp.co.itec.denwa.it.VoipWebApiRegressionIT" time="0.159">
    <system-out><![CDATA[2026-06-20T13:45:42.808+09:00  INFO 80653 --- [denwa-api] [o-auto-2-exec-4] j.c.itec.denwa.service.auth.AuthService  : Store-review account detected, issuing fixed 2FA OTP without email | username=tenant-admin@example.test
]]></system-out>
  </testcase>
  <testcase name="voipWebApiRegressionCases()[67]" classname="jp.co.itec.denwa.it.VoipWebApiRegressionIT" time="0.238">
    <system-out><![CDATA[2026-06-20T13:45:42.985+09:00  INFO 80653 --- [denwa-api] [o-auto-2-exec-9] j.c.itec.denwa.service.auth.AuthService  : Store-review account detected, issuing fixed 2FA OTP without email | username=tenant-admin@example.test
]]></system-out>
  </testcase>
  <testcase name="voipWebApiRegressionCases()[68]" classname="jp.co.itec.denwa.it.VoipWebApiRegressionIT" time="0.743">
    <system-out><![CDATA[2026-06-20T13:45:43.086+09:00 ERROR 80653 --- [denwa-api] [pool-6-thread-1] j.co.itec.denwa.util.common.INIHandler   : THIS IS LOG CALL MVE in createTempIniFile...1781930743086
2026-06-20T13:45:43.784+09:00  INFO 80653 --- [denwa-api] [o-auto-2-exec-1] j.c.itec.denwa.service.auth.AuthService  : Store-review account detected, issuing fixed 2FA OTP without email | username=tenant-admin@example.test
]]></system-out>
  </testcase>
  <testcase name="voipWebApiRegressionCases()[69]" classname="jp.co.itec.denwa.it.VoipWebApiRegressionIT" time="0.189">
    <system-out><![CDATA[2026-06-20T13:45:43.980+09:00  INFO 80653 --- [denwa-api] [o-auto-2-exec-4] j.c.itec.denwa.service.auth.AuthService  : Store-review account detected, issuing fixed 2FA OTP without email | username=tenant-admin@example.test
]]></system-out>
  </testcase>
  <testcase name="voipWebApiRegressionCases()[70]" classname="jp.co.itec.denwa.it.VoipWebApiRegressionIT" time="0.168">
    <system-out><![CDATA[2026-06-20T13:45:44.153+09:00  INFO 80653 --- [denwa-api] [o-auto-2-exec-8] j.c.itec.denwa.service.auth.AuthService  : Store-review account detected, issuing fixed 2FA OTP without email | username=tenant-admin@example.test
]]></system-out>
  </testcase>
  <testcase name="voipWebApiRegressionCases()[71]" classname="jp.co.itec.denwa.it.VoipWebApiRegressionIT" time="0.178">
    <system-out><![CDATA[2026-06-20T13:45:44.318+09:00  INFO 80653 --- [denwa-api] [o-auto-2-exec-6] j.c.itec.denwa.service.auth.AuthService  : Store-review account detected, issuing fixed 2FA OTP without email | username=tenant-admin@example.test
]]></system-out>
  </testcase>
  <testcase name="voipWebApiRegressionCases()[72]" classname="jp.co.itec.denwa.it.VoipWebApiRegressionIT" time="0.181">
    <system-out><![CDATA[2026-06-20T13:45:44.500+09:00  INFO 80653 --- [denwa-api] [o-auto-2-exec-3] j.c.itec.denwa.service.auth.AuthService  : Store-review account detected, issuing fixed 2FA OTP without email | username=tenant-admin@example.test
]]></system-out>
  </testcase>
  <testcase name="voipWebApiRegressionCases()[73]" classname="jp.co.itec.denwa.it.VoipWebApiRegressionIT" time="0.175">
    <system-out><![CDATA[2026-06-20T13:45:44.679+09:00  INFO 80653 --- [denwa-api] [o-auto-2-exec-7] j.c.itec.denwa.service.auth.AuthService  : Store-review account detected, issuing fixed 2FA OTP without email | username=tenant-admin@example.test
]]></system-out>
  </testcase>
  <testcase name="voipWebApiRegressionCases()[74]" classname="jp.co.itec.denwa.it.VoipWebApiRegressionIT" time="0.176">
    <system-out><![CDATA[2026-06-20T13:45:44.851+09:00  INFO 80653 --- [denwa-api] [-auto-2-exec-10] j.c.itec.denwa.service.auth.AuthService  : Store-review account detected, issuing fixed 2FA OTP without email | username=tenant-admin@example.test
]]></system-out>
  </testcase>
  <testcase name="voipWebApiRegressionCases()[75]" classname="jp.co.itec.denwa.it.VoipWebApiRegressionIT" time="0.173">
    <system-out><![CDATA[2026-06-20T13:45:45.028+09:00  INFO 80653 --- [denwa-api] [o-auto-2-exec-2] j.c.itec.denwa.service.auth.AuthService  : Store-review account detected, issuing fixed 2FA OTP without email | username=tenant-admin@example.test
]]></system-out>
  </testcase>
  <testcase name="voipWebApiRegressionCases()[76]" classname="jp.co.itec.denwa.it.VoipWebApiRegressionIT" time="0.173">
    <system-out><![CDATA[2026-06-20T13:45:45.194+09:00  INFO 80653 --- [denwa-api] [o-auto-2-exec-5] j.c.itec.denwa.service.auth.AuthService  : Store-review account detected, issuing fixed 2FA OTP without email | username=tenant-admin@example.test
]]></system-out>
  </testcase>
  <testcase name="voipWebApiRegressionCases()[77]" classname="jp.co.itec.denwa.it.VoipWebApiRegressionIT" time="0.466">
    <system-out><![CDATA[2026-06-20T13:45:45.638+09:00  INFO 80653 --- [denwa-api] [o-auto-2-exec-2] j.c.itec.denwa.service.auth.AuthService  : Store-review account detected, issuing fixed 2FA OTP without email | username=tenant-admin@example.test
]]></system-out>
  </testcase>
  <testcase name="voipWebApiRegressionCases()[78]" classname="jp.co.itec.denwa.it.VoipWebApiRegressionIT" time="1.157">
    <system-out><![CDATA[2026-06-20T13:45:46.145+09:00  INFO 80653 --- [denwa-api] [o-auto-2-exec-1] j.c.itec.denwa.service.auth.AuthService  : Store-review account detected, issuing fixed 2FA OTP without email | username=tenant-admin@example.test
2026-06-20T13:45:46.838+09:00 ERROR 80653 --- [denwa-api] [pool-6-thread-1] j.co.itec.denwa.util.common.INIHandler   : THIS IS LOG CALL MVE in createTempIniFile...1781930746837
]]></system-out>
  </testcase>
  <testcase name="voipWebApiRegressionCases()[79]" classname="jp.co.itec.denwa.it.VoipWebApiRegressionIT" time="0.95">
    <system-out><![CDATA[2026-06-20T13:45:47.652+09:00  INFO 80653 --- [denwa-api] [o-auto-2-exec-4] j.c.itec.denwa.service.auth.AuthService  : Store-review account detected, issuing fixed 2FA OTP without email | username=tenant-admin@example.test
]]></system-out>
  </testcase>
  <testcase name="voipWebApiRegressionCases()[80]" classname="jp.co.itec.denwa.it.VoipWebApiRegressionIT" time="0.209">
    <system-out><![CDATA[2026-06-20T13:45:48.001+09:00  INFO 80653 --- [denwa-api] [o-auto-2-exec-8] j.c.itec.denwa.service.auth.AuthService  : Store-review account detected, issuing fixed 2FA OTP without email | username=tenant-admin@example.test
]]></system-out>
  </testcase>
  <testcase name="voipWebApiRegressionCases()[81]" classname="jp.co.itec.denwa.it.VoipWebApiRegressionIT" time="0.23"/>
  <testcase name="voipWebApiRegressionCases()[82]" classname="jp.co.itec.denwa.it.VoipWebApiRegressionIT" time="0.175"/>
  <testcase name="voipWebApiRegressionCases()[83]" classname="jp.co.itec.denwa.it.VoipWebApiRegressionIT" time="0.106"/>
  <testcase name="voipWebApiRegressionCases()[84]" classname="jp.co.itec.denwa.it.VoipWebApiRegressionIT" time="0.176"/>
  <testcase name="voipWebApiRegressionCases()[85]" classname="jp.co.itec.denwa.it.VoipWebApiRegressionIT" time="0.147"/>
  <testcase name="voipWebApiRegressionCases()[86]" classname="jp.co.itec.denwa.it.VoipWebApiRegressionIT" time="0.145"/>
  <testcase name="voipWebApiRegressionCases()[87]" classname="jp.co.itec.denwa.it.VoipWebApiRegressionIT" time="0.218">
    <system-out><![CDATA[2026-06-20T13:45:49.193+09:00 ERROR 80653 --- [denwa-api] [o-auto-2-exec-2] j.co.itec.denwa.util.common.INIHandler   : THIS IS LOG CALL MVE in createTempIniFile...1781930749192
2026-06-20T13:45:49.233+09:00  INFO 80653 --- [denwa-api] [o-auto-2-exec-2] j.c.i.denwa.service.email.EmailService   : Start sendMailTemplate to sysadmin@example.test
2026-06-20T13:45:49.234+09:00  INFO 80653 --- [denwa-api] [o-auto-2-exec-2] j.c.i.denwa.service.email.EmailService   : Start sendMailTemplate to multi-admin@example.test
]]></system-out>
  </testcase>
  <testcase name="voipWebApiRegressionCases()[88]" classname="jp.co.itec.denwa.it.VoipWebApiRegressionIT" time="0.179">
    <system-out><![CDATA[2026-06-20T13:45:49.288+09:00  INFO 80653 --- [denwa-api] [-notification-2] j.c.i.denwa.service.email.EmailService   : End sendMailTemplate to sysadmin@example.test
2026-06-20T13:45:49.288+09:00  INFO 80653 --- [denwa-api] [-notification-1] j.c.i.denwa.service.email.EmailService   : End sendMailTemplate to multi-admin@example.test
]]></system-out>
  </testcase>
  <testcase name="voipWebApiRegressionCases()[89]" classname="jp.co.itec.denwa.it.VoipWebApiRegressionIT" time="0.191">
    <system-out><![CDATA[2026-06-20T13:45:49.598+09:00 ERROR 80653 --- [denwa-api] [o-auto-2-exec-7] j.co.itec.denwa.util.common.INIHandler   : THIS IS LOG CALL MVE in createTempIniFile...1781930749598
2026-06-20T13:45:49.611+09:00  INFO 80653 --- [denwa-api] [o-auto-2-exec-7] j.c.i.denwa.service.email.EmailService   : Start sendMailTemplate to sysadmin@example.test
2026-06-20T13:45:49.613+09:00  INFO 80653 --- [denwa-api] [o-auto-2-exec-7] j.c.i.denwa.service.email.EmailService   : Start sendMailTemplate to multi-admin@example.test
]]></system-out>
  </testcase>
  <testcase name="voipWebApiRegressionCases()[90]" classname="jp.co.itec.denwa.it.VoipWebApiRegressionIT" time="0.157">
    <system-out><![CDATA[2026-06-20T13:45:49.622+09:00  INFO 80653 --- [denwa-api] [-notification-2] j.c.i.denwa.service.email.EmailService   : End sendMailTemplate to multi-admin@example.test
2026-06-20T13:45:49.622+09:00  INFO 80653 --- [denwa-api] [-notification-1] j.c.i.denwa.service.email.EmailService   : End sendMailTemplate to sysadmin@example.test
]]></system-out>
  </testcase>
  <testcase name="voipWebApiRegressionCases()[91]" classname="jp.co.itec.denwa.it.VoipWebApiRegressionIT" time="0.154"/>
  <testcase name="voipWebApiRegressionCases()[92]" classname="jp.co.itec.denwa.it.VoipWebApiRegressionIT" time="0.267"/>
  <testcase name="voipWebApiRegressionCases()[93]" classname="jp.co.itec.denwa.it.VoipWebApiRegressionIT" time="0.34"/>
  <testcase name="voipWebApiRegressionCases()[94]" classname="jp.co.itec.denwa.it.VoipWebApiRegressionIT" time="0.423"/>
  <testcase name="voipWebApiRegressionCases()[95]" classname="jp.co.itec.denwa.it.VoipWebApiRegressionIT" time="0.212"/>
  <testcase name="voipWebApiRegressionCases()[96]" classname="jp.co.itec.denwa.it.VoipWebApiRegressionIT" time="0.177"/>
  <testcase name="voipWebApiRegressionCases()[97]" classname="jp.co.itec.denwa.it.VoipWebApiRegressionIT" time="0.203"/>
  <testcase name="voipWebApiRegressionCases()[98]" classname="jp.co.itec.denwa.it.VoipWebApiRegressionIT" time="0.188"/>
  <testcase name="voipWebApiRegressionCases()[99]" classname="jp.co.itec.denwa.it.VoipWebApiRegressionIT" time="0.448"/>
  <testcase name="voipWebApiRegressionCases()[100]" classname="jp.co.itec.denwa.it.VoipWebApiRegressionIT" time="0.391">
    <system-out><![CDATA[2026-06-20T13:45:52.522+09:00  INFO 80653 --- [denwa-api] [o-auto-2-exec-8] j.c.i.denwa.service.email.EmailService   : Start sendMailTemplate to tenant-admin@example.test
2026-06-20T13:45:52.532+09:00  INFO 80653 --- [denwa-api] [-notification-2] j.c.i.denwa.service.email.EmailService   : End sendMailTemplate to tenant-admin@example.test
]]></system-out>
  </testcase>
  <testcase name="voipWebApiRegressionCases()[101]" classname="jp.co.itec.denwa.it.VoipWebApiRegressionIT" time="0.189"/>
  <testcase name="voipWebApiRegressionCases()[102]" classname="jp.co.itec.denwa.it.VoipWebApiRegressionIT" time="0.18">
    <system-out><![CDATA[2026-06-20T13:45:52.929+09:00 ERROR 80653 --- [denwa-api] [o-auto-2-exec-1] j.co.itec.denwa.util.common.INIHandler   : THIS IS LOG CALL MVE in createTempIniFile...1781930752929
2026-06-20T13:45:52.939+09:00  INFO 80653 --- [denwa-api] [o-auto-2-exec-1] j.c.i.denwa.service.email.EmailService   : Start sendMailTemplate to sysadmin@example.test
2026-06-20T13:45:52.940+09:00  INFO 80653 --- [denwa-api] [o-auto-2-exec-1] j.c.i.denwa.service.email.EmailService   : Start sendMailTemplate to multi-admin@example.test
2026-06-20T13:45:52.945+09:00  INFO 80653 --- [denwa-api] [-notification-2] j.c.i.denwa.service.email.EmailService   : End sendMailTemplate to multi-admin@example.test
2026-06-20T13:45:52.947+09:00  INFO 80653 --- [denwa-api] [-notification-1] j.c.i.denwa.service.email.EmailService   : End sendMailTemplate to sysadmin@example.test
]]></system-out>
  </testcase>
  <testcase name="voipWebApiRegressionCases()[103]" classname="jp.co.itec.denwa.it.VoipWebApiRegressionIT" time="0.24">
    <system-out><![CDATA[2026-06-20T13:45:53.086+09:00  INFO 80653 --- [denwa-api] [o-auto-2-exec-2] j.c.itec.denwa.service.auth.AuthService  : Store-review account detected, issuing fixed 2FA OTP without email | username=tenant-admin@example.test
2026-06-20T13:45:53.178+09:00  INFO 80653 --- [denwa-api] [o-auto-2-exec-4] j.c.i.denwa.service.email.EmailService   : Start sendMailTemplate to registered-user@example.test
2026-06-20T13:45:53.182+09:00  INFO 80653 --- [denwa-api] [-notification-2] j.c.i.denwa.service.email.EmailService   : End sendMailTemplate to registered-user@example.test
]]></system-out>
  </testcase>
  <testcase name="voipWebApiRegressionCases()[104]" classname="jp.co.itec.denwa.it.VoipWebApiRegressionIT" time="0.163">
    <system-out><![CDATA[2026-06-20T13:45:53.341+09:00  INFO 80653 --- [denwa-api] [o-auto-2-exec-5] j.c.itec.denwa.service.auth.AuthService  : Store-review account detected, issuing fixed 2FA OTP without email | username=tenant-admin@example.test
]]></system-out>
  </testcase>
</testsuite>